{"level":"info","message":"Hello world","timestamp":"9:52:31 PM"}
{"level":"warn","message":"Warning message","timestamp":"9:52:31 PM"}
{"level":"debug","message":"Debugging info","timestamp":"9:52:31 PM"}
{"level":"info","message":"Homepage has been requested","timestamp":"10:00:53 PM"}
{"level":"info","message":"Homepage has been requested","timestamp":"10:04:38 PM"}
{"level":"info","message":"Login page has been requested","timestamp":"10:04:40 PM"}
{"level":"info","message":"Login is succesful andajdar has been redirected to the profile","timestamp":"10:04:43 PM"}
{"level":"info","message":"Login page has been requested","timestamp":"10:27:22 PM"}
{"level":"info","message":"Login page has been requested","timestamp":"10:27:24 PM"}
{"level":"info","message":"Login is succesful and @ajdar has been redirected to the profile","timestamp":"10:27:27 PM"}
{"level":"info","message":"Homepage has been requested","timestamp":"10:30:29 PM"}
{"level":"info","message":"Login page has been requested","timestamp":"10:38:43 PM"}
{"level":"info","message":"Login is succesful and @ajdar has been redirected to the profile","timestamp":"10:38:46 PM"}
{"level":"info","message":"Login page has been requested","timestamp":"10:38:48 PM"}
{"level":"info","message":"Login is succesful and @ajdar has been redirected to the profile","timestamp":"10:38:55 PM"}
{"level":"info","message":"Login page has been requested","timestamp":"10:38:56 PM"}
{"level":"info","message":"Login is succesful and @ajdar has been redirected to the profile","timestamp":"10:38:58 PM"}
{"level":"info","message":"Login page has been requested","timestamp":"10:38:59 PM"}
{"level":"info","message":"Login is succesful and @nurlan has been redirected to the profile","timestamp":"10:39:19 PM"}
{"level":"info","message":"Login page has been requested","timestamp":"10:39:21 PM"}
{"level":"info","message":"Login page has been requested","timestamp":"10:39:28 PM"}
{"level":"info","message":"Login is succesful and @nurlan has been redirected to the profile","timestamp":"10:39:35 PM"}
{"level":"info","message":"Login page has been requested","timestamp":"10:39:36 PM"}
{"level":"info","message":"nurlannew is authenticated and redirected to the profile page.","timestamp":"10:39:56 PM"}
{"level":"info","message":"Login page has been requested","timestamp":"10:39:56 PM"}
{"level":"info","message":"Login page has been requested","timestamp":"10:40:24 PM"}
{"level":"info","message":"Login is succesful and @ajdar has been redirected to the profile","timestamp":"10:40:27 PM"}
{"level":"info","message":"Login page has been requested","timestamp":"10:41:24 PM"}
{"level":"info","message":"Login is succesful and @ajdar has been redirected to the profile","timestamp":"10:41:27 PM"}
{"level":"info","message":"Homepage has been requested","timestamp":"10:41:49 PM"}
{"level":"info","message":"Login page has been requested","timestamp":"10:41:51 PM"}
{"level":"info","message":"Login is succesful and @ajdar has been redirected to the profile","timestamp":"10:41:53 PM"}
{"level":"info","message":"Homepage has been requested","timestamp":"10:42:20 PM"}
{"level":"info","message":"Login page has been requested","timestamp":"10:42:22 PM"}
{"level":"info","message":"Login is succesful and @ajdar has been redirected to the profile","timestamp":"10:42:24 PM"}
{"level":"info","message":"Homepage has been requested","timestamp":"10:42:41 PM"}
{"level":"info","message":"Login page has been requested","timestamp":"10:42:43 PM"}
{"level":"info","message":"Login is succesful and @ajdar has been redirected to the profile","timestamp":"10:42:45 PM"}
{"level":"info","message":"Homepage has been requested","timestamp":"10:42:59 PM"}
{"level":"info","message":"Login page has been requested","timestamp":"10:43:00 PM"}
{"level":"info","message":"Login is succesful and @ajdar has been redirected to the profile","timestamp":"10:43:03 PM"}
{"level":"info","message":"Homepage has been requested","timestamp":"10:43:22 PM"}
{"level":"info","message":"Login page has been requested","timestamp":"10:43:24 PM"}
{"level":"info","message":"Login is succesful and @ajdar has been redirected to the profile","timestamp":"10:43:26 PM"}
{"level":"info","message":"Homepage has been requested","timestamp":"10:43:30 PM"}
{"level":"info","message":"Homepage has been requested","timestamp":"10:45:07 PM"}
{"level":"info","message":"Login page has been requested","timestamp":"10:45:16 PM"}
{"level":"info","message":"Login is succesful and @ajdar has been redirected to the profile","timestamp":"10:45:23 PM"}
{"level":"info","message":"Homepage has been requested","timestamp":"10:45:35 PM"}
{"level":"info","message":"Homepage has been requested","timestamp":"10:53:08 PM"}
{"level":"info","message":"Login page has been requested","timestamp":"10:53:11 PM"}
{"level":"info","message":"Login is succesful and @ajdar has been redirected to the profile","timestamp":"10:53:13 PM"}
{"level":"info","message":"Homepage has been requested","timestamp":"10:54:33 PM"}
{"level":"info","message":"Login page has been requested","timestamp":"10:54:40 PM"}
{"level":"info","message":"Login is succesful and @ajdar has been redirected to the profile","timestamp":"10:54:47 PM"}
{"level":"info","message":"Login page has been requested","timestamp":"10:54:50 PM"}
{"level":"info","message":"Login page has been requested","timestamp":"10:55:09 PM"}
{"level":"info","message":"Login is succesful and @ajdar has been redirected to the profile","timestamp":"10:55:11 PM"}
